app/build/outputs/logs/manifest-merger-release-report.txt
-- Merging decision tree log ---
manifest
ADDED from src/main/AndroidManifest.xml:2:1-146:12
	package
		ADDED from src/main/AndroidManifest.xml:3:5-41
		INJECTED from src/main/AndroidManifest.xml
		INJECTED from src/main/AndroidManifest.xml
	android:versionName
		INJECTED from src/main/AndroidManifest.xml
		INJECTED from src/main/AndroidManifest.xml
	xmlns:android
		ADDED from src/main/AndroidManifest.xml:2:11-69
	android:versionCode
		INJECTED from src/main/AndroidManifest.xml
		INJECTED from src/main/AndroidManifest.xml
uses-permission#android.permission.GET_TASKS
ADDED from src/main/AndroidManifest.xml:6:5-67
	android:name
		ADDED from src/main/AndroidManifest.xml:6:22-65
uses-permission#android.permission.BIND_ACCESSIBILITY_SERVICE
ADDED from src/main/AndroidManifest.xml:7:5-84
	android:name
		ADDED from src/main/AndroidManifest.xml:7:22-82
uses-permission#android.permission.INTERNET
ADDED from src/main/AndroidManifest.xml:8:5-66
MERGED from [com.zhy:okhttputils:1.0.2] AndroidManifest.xml:11:5-67
	android:name
		ADDED from src/main/AndroidManifest.xml:8:22-64
uses-permission#android.permission.WRITE_EXTERNAL_STORAGE
ADDED from src/main/AndroidManifest.xml:9:5-80
MERGED from [com.zhy:okhttputils:1.0.2] AndroidManifest.xml:12:5-81
	android:name
		ADDED from src/main/AndroidManifest.xml:9:22-78
uses-permission#android.permission.PACKAGE_USAGE_STATS
ADDED from src/main/AndroidManifest.xml:10:5-77
	android:name
		ADDED from src/main/AndroidManifest.xml:10:22-75
uses-permission#android.permission.MOUNT_UNMOUNT_FILESYSTEMS
ADDED from src/main/AndroidManifest.xml:11:5-83
	android:name
		ADDED from src/main/AndroidManifest.xml:11:22-81
uses-permission#android.permission.READ_PHONE_STATE
ADDED from src/main/AndroidManifest.xml:13:5-75
	android:name
		ADDED from src/main/AndroidManifest.xml:13:22-72
uses-permission#android.permission.ACCESS_NETWORK_STATE
ADDED from src/main/AndroidManifest.xml:14:5-79
	android:name
		ADDED from src/main/AndroidManifest.xml:14:22-76
uses-permission#android.permission.RECEIVE_BOOT_COMPLETED
ADDED from src/main/AndroidManifest.xml:15:5-81
	android:name
		ADDED from src/main/AndroidManifest.xml:15:22-78
uses-permission#android.permission.WRITE_SETTINGS
ADDED from src/main/AndroidManifest.xml:16:5-73
	android:name
		ADDED from src/main/AndroidManifest.xml:16:22-70
uses-permission#android.permission.VIBRATE
ADDED from src/main/AndroidManifest.xml:17:5-65
	android:name
		ADDED from src/main/AndroidManifest.xml:17:22-63
uses-permission#android.permission.ACCESS_DOWNLOAD_MANAGER
ADDED from src/main/AndroidManifest.xml:18:5-82
	android:name
		ADDED from src/main/AndroidManifest.xml:18:22-79
uses-permission#android.permission.DOWNLOAD_WITHOUT_NOTIFICATION
ADDED from src/main/AndroidManifest.xml:19:5-88
	android:name
		ADDED from src/main/AndroidManifest.xml:19:22-85
uses-permission#android.permission.DISABLE_KEYGUARD
ADDED from src/main/AndroidManifest.xml:20:5-75
	android:name
		ADDED from src/main/AndroidManifest.xml:20:22-72
uses-permission#android.permission.ACCESS_COARSE_LOCATION
ADDED from src/main/AndroidManifest.xml:21:5-81
	android:name
		ADDED from src/main/AndroidManifest.xml:21:22-78
uses-permission#android.permission.ACCESS_WIFI_STATE
ADDED from src/main/AndroidManifest.xml:22:5-76
	android:name
		ADDED from src/main/AndroidManifest.xml:22:22-73
uses-permission#android.permission.EXPAND_STATUS_BAR
ADDED from src/main/AndroidManifest.xml:23:5-76
	android:name
		ADDED from src/main/AndroidManifest.xml:23:22-73
uses-permission#android.permission.ACCESS_NOTIFICATION_POLICY
ADDED from src/main/AndroidManifest.xml:28:5-84
	android:name
		ADDED from src/main/AndroidManifest.xml:28:22-82
application
ADDED from src/main/AndroidManifest.xml:32:5-142:19
MERGED from [com.android.support:appcompat-v7:23.0.1] AndroidManifest.xml:22:5-20
MERGED from [com.android.support:support-v4:23.0.1] AndroidManifest.xml:22:5-20
MERGED from [com.zhy:okhttputils:1.0.2] AndroidManifest.xml:14:5-17:19
	android:process
		ADDED from src/main/AndroidManifest.xml:37:9-33
	android:label
		ADDED from src/main/AndroidManifest.xml:35:9-41
	android:allowClearUserData
		ADDED from src/main/AndroidManifest.xml:36:9-43
	android:allowBackup
		ADDED from src/main/AndroidManifest.xml:33:9-35
	android:icon
		ADDED from src/main/AndroidManifest.xml:34:9-45
	android:theme
		ADDED from src/main/AndroidManifest.xml:38:9-40
activity#com.zjianhao.getluckymoney.MainActivity
ADDED from src/main/AndroidManifest.xml:40:9-45:20
	android:name
		ADDED from src/main/AndroidManifest.xml:40:19-47
intent-filter#android.intent.action.MAIN+android.intent.category.LAUNCHER
ADDED from src/main/AndroidManifest.xml:41:13-44:29
action#android.intent.action.MAIN
ADDED from src/main/AndroidManifest.xml:42:17-68
	android:name
		ADDED from src/main/AndroidManifest.xml:42:25-66
category#android.intent.category.LAUNCHER
ADDED from src/main/AndroidManifest.xml:43:17-76
	android:name
		ADDED from src/main/AndroidManifest.xml:43:27-74
service#com.zjianhao.service.GetMoneyService
ADDED from src/main/AndroidManifest.xml:48:9-61:19
	android:enabled
		ADDED from src/main/AndroidManifest.xml:49:13-35
	android:label
		ADDED from src/main/AndroidManifest.xml:51:13-45
	android:exported
		ADDED from src/main/AndroidManifest.xml:50:13-36
	android:permission
		ADDED from src/main/AndroidManifest.xml:52:13-79
	android:name
		ADDED from src/main/AndroidManifest.xml:48:18-69
intent-filter#android.accessibilityservice.AccessibilityService
ADDED from src/main/AndroidManifest.xml:53:13-55:29
action#android.accessibilityservice.AccessibilityService
ADDED from src/main/AndroidManifest.xml:54:17-92
	android:name
		ADDED from src/main/AndroidManifest.xml:54:25-89
meta-data#android.accessibilityservice
ADDED from src/main/AndroidManifest.xml:57:13-59:57
	android:resource
		ADDED from src/main/AndroidManifest.xml:59:17-54
	android:name
		ADDED from src/main/AndroidManifest.xml:58:17-60
service#com.zjianhao.service.DownloadService
ADDED from src/main/AndroidManifest.xml:63:9-65:19
	android:name
		ADDED from src/main/AndroidManifest.xml:63:18-69
activity#com.zjianhao.ui.AboutAty
ADDED from src/main/AndroidManifest.xml:67:9-60
	android:name
		ADDED from src/main/AndroidManifest.xml:67:19-58
activity#com.zjianhao.ui.CommitProblemAty
ADDED from src/main/AndroidManifest.xml:68:9-68
	android:name
		ADDED from src/main/AndroidManifest.xml:68:19-66
activity#com.zjianhao.ui.HelpAty
ADDED from src/main/AndroidManifest.xml:69:9-59
	android:name
		ADDED from src/main/AndroidManifest.xml:69:19-57
activity#com.zjianhao.ui.SettingAty
ADDED from src/main/AndroidManifest.xml:70:9-62
	android:name
		ADDED from src/main/AndroidManifest.xml:70:19-60
activity#com.baidu.android.pushservice.richmedia.MediaViewActivity
ADDED from src/main/AndroidManifest.xml:73:9-77:20
	android:label
		ADDED from src/main/AndroidManifest.xml:76:13-46
	android:configChanges
		ADDED from src/main/AndroidManifest.xml:75:13-63
	android:name
		ADDED from src/main/AndroidManifest.xml:74:13-85
activity#com.baidu.android.pushservice.richmedia.MediaListActivity
ADDED from src/main/AndroidManifest.xml:78:9-83:20
	android:label
		ADDED from src/main/AndroidManifest.xml:81:13-46
	android:launchMode
		ADDED from src/main/AndroidManifest.xml:82:13-44
	android:configChanges
		ADDED from src/main/AndroidManifest.xml:80:13-63
	android:name
		ADDED from src/main/AndroidManifest.xml:79:13-85
activity#com.baidu.android.pushservice.PushKeepAlive
ADDED from src/main/AndroidManifest.xml:88:9-90:74
	android:theme
		ADDED from src/main/AndroidManifest.xml:90:13-72
	android:name
		ADDED from src/main/AndroidManifest.xml:89:13-71
receiver#com.zjianhao.receiver.MyPushMessageReceiver
ADDED from src/main/AndroidManifest.xml:92:9-101:20
	android:name
		ADDED from src/main/AndroidManifest.xml:92:19-77
intent-filter#com.baidu.android.pushservice.action.MESSAGE+com.baidu.android.pushservice.action.RECEIVE+com.baidu.android.pushservice.action.notification.CLICK
ADDED from src/main/AndroidManifest.xml:93:13-100:29
action#com.baidu.android.pushservice.action.MESSAGE
ADDED from src/main/AndroidManifest.xml:95:17-87
	android:name
		ADDED from src/main/AndroidManifest.xml:95:25-84
action#com.baidu.android.pushservice.action.RECEIVE
ADDED from src/main/AndroidManifest.xml:97:17-87
	android:name
		ADDED from src/main/AndroidManifest.xml:97:25-84
action#com.baidu.android.pushservice.action.notification.CLICK
ADDED from src/main/AndroidManifest.xml:99:17-98
	android:name
		ADDED from src/main/AndroidManifest.xml:99:25-95
receiver#com.baidu.android.pushservice.PushServiceReceiver
ADDED from src/main/AndroidManifest.xml:105:9-118:20
	android:process
		ADDED from src/main/AndroidManifest.xml:106:13-44
	android:name
		ADDED from src/main/AndroidManifest.xml:105:19-83
intent-filter#android.intent.action.ACTION_POWER_CONNECTED+android.intent.action.ACTION_POWER_DISCONNECTED+android.intent.action.BOOT_COMPLETED+android.intent.action.MEDIA_MOUNTED+android.intent.action.USER_PRESENT+android.net.conn.CONNECTIVITY_CHANGE+com.baidu.android.pushservice.action.media.CLICK+com.baidu.android.pushservice.action.notification.SHOW
ADDED from src/main/AndroidManifest.xml:107:13-117:29
action#android.intent.action.BOOT_COMPLETED
ADDED from src/main/AndroidManifest.xml:108:17-79
	android:name
		ADDED from src/main/AndroidManifest.xml:108:25-76
action#android.net.conn.CONNECTIVITY_CHANGE
ADDED from src/main/AndroidManifest.xml:109:17-79
	android:name
		ADDED from src/main/AndroidManifest.xml:109:25-76
action#com.baidu.android.pushservice.action.notification.SHOW
ADDED from src/main/AndroidManifest.xml:110:17-97
	android:name
		ADDED from src/main/AndroidManifest.xml:110:25-94
action#com.baidu.android.pushservice.action.media.CLICK
ADDED from src/main/AndroidManifest.xml:111:17-91
	android:name
		ADDED from src/main/AndroidManifest.xml:111:25-88
action#android.intent.action.MEDIA_MOUNTED
ADDED from src/main/AndroidManifest.xml:113:17-78
	android:name
		ADDED from src/main/AndroidManifest.xml:113:25-75
action#android.intent.action.USER_PRESENT
ADDED from src/main/AndroidManifest.xml:114:17-77
	android:name
		ADDED from src/main/AndroidManifest.xml:114:25-74
action#android.intent.action.ACTION_POWER_CONNECTED
ADDED from src/main/AndroidManifest.xml:115:17-87
	android:name
		ADDED from src/main/AndroidManifest.xml:115:25-84
action#android.intent.action.ACTION_POWER_DISCONNECTED
ADDED from src/main/AndroidManifest.xml:116:17-90
	android:name
		ADDED from src/main/AndroidManifest.xml:116:25-87
receiver#com.baidu.android.pushservice.RegistrationReceiver
ADDED from src/main/AndroidManifest.xml:120:9-130:20
	android:process
		ADDED from src/main/AndroidManifest.xml:121:13-44
	android:name
		ADDED from src/main/AndroidManifest.xml:120:19-84
intent-filter#com.baidu.android.pushservice.action.BIND_SYNC+com.baidu.android.pushservice.action.METHOD
ADDED from src/main/AndroidManifest.xml:122:13-125:29
action#com.baidu.android.pushservice.action.METHOD
ADDED from src/main/AndroidManifest.xml:123:17-86
	android:name
		ADDED from src/main/AndroidManifest.xml:123:25-83
action#com.baidu.android.pushservice.action.BIND_SYNC
ADDED from src/main/AndroidManifest.xml:124:17-89
	android:name
		ADDED from src/main/AndroidManifest.xml:124:25-86
intent-filter#android.intent.action.PACKAGE_REMOVED
ADDED from src/main/AndroidManifest.xml:126:13-129:29
action#android.intent.action.PACKAGE_REMOVED
ADDED from src/main/AndroidManifest.xml:127:17-80
	android:name
		ADDED from src/main/AndroidManifest.xml:127:25-77
data
ADDED from src/main/AndroidManifest.xml:128:17-50
	android:scheme
		ADDED from src/main/AndroidManifest.xml:128:23-47
service#com.baidu.android.pushservice.PushService
ADDED from src/main/AndroidManifest.xml:131:9-136:19
	android:process
		ADDED from src/main/AndroidManifest.xml:132:13-44
	android:exported
		ADDED from src/main/AndroidManifest.xml:131:75-98
	android:name
		ADDED from src/main/AndroidManifest.xml:131:18-74
intent-filter#com.baidu.android.pushservice.action.PUSH_SERVICE
ADDED from src/main/AndroidManifest.xml:133:13-135:29
action#com.baidu.android.pushservice.action.PUSH_SERVICE
ADDED from src/main/AndroidManifest.xml:134:17-92
	android:name
		ADDED from src/main/AndroidManifest.xml:134:25-89
service#com.baidu.android.pushservice.CommandService
ADDED from src/main/AndroidManifest.xml:138:9-139:39
	android:exported
		ADDED from src/main/AndroidManifest.xml:139:13-36
	android:name
		ADDED from src/main/AndroidManifest.xml:138:18-77
uses-sdk
INJECTED from src/main/AndroidManifest.xml reason: use-sdk injection requested
MERGED from [com.android.support:appcompat-v7:23.0.1] AndroidManifest.xml:20:5-43
MERGED from [com.android.support:support-v4:23.0.1] AndroidManifest.xml:20:5-43
MERGED from [com.zhy:okhttputils:1.0.2] AndroidManifest.xml:7:5-9:41
	android:targetSdkVersion
		INJECTED from src/main/AndroidManifest.xml
		INJECTED from src/main/AndroidManifest.xml
	android:minSdkVersion
		INJECTED from src/main/AndroidManifest.xml
		INJECTED from src/main/AndroidManifest.xml